2020-06-19 11:58:36,476 INFO  [org.jboss.modules] (main) JBoss Modules version 1.10.0.Final
2020-06-19 11:58:37,024 INFO  [org.jboss.msc] (main) JBoss MSC version 1.4.11.Final
2020-06-19 11:58:37,039 INFO  [org.jboss.threads] (main) JBoss Threads version 2.3.3.Final
2020-06-19 11:58:37,175 INFO  [org.jboss.as] (MSC service thread 1-2) WFLYSRV0049: Keycloak 10.0.2 (WildFly Core 11.1.1.Final) starting
2020-06-19 11:58:37,178 DEBUG [org.jboss.as.config] (MSC service thread 1-2) Configured system properties:
	awt.toolkit = sun.awt.windows.WToolkit
	file.encoding = Cp1252
	file.encoding.pkg = sun.io
	file.separator = \
	java.awt.graphicsenv = sun.awt.Win32GraphicsEnvironment
	java.awt.printerjob = sun.awt.windows.WPrinterJob
	java.class.path = C:\Users\shchitlyak\Downloads\keycloak-10.0.2\keycloak-10.0.2\jboss-modules.jar
	java.class.version = 52.0
	java.endorsed.dirs = D:\java\jdk1.8.0_192\jre\lib\endorsed
	java.ext.dirs = D:\java\jdk1.8.0_192\jre\lib\ext;C:\Windows\Sun\Java\lib\ext
	java.home = D:\java\jdk1.8.0_192\jre
	java.io.tmpdir = C:\Users\SHCHIT~1\AppData\Local\Temp\
	java.library.path = D:\java\jdk1.8.0_192\bin;C:\Windows\Sun\Java\bin;C:\Windows\system32;C:\Windows;C:\Python38\Scripts\;C:\Python38\;C:\Program Files (x86)\Microsoft SDKs\Azure\CLI2\wbin;C:\Program Files\ImageMagick-7.0.9-Q8;C:\Windows\system32;C:\Windows;C:\Windows\System32\Wbem;C:\Windows\System32\WindowsPowerShell\v1.0\;C:\Windows\System32\OpenSSH\;C:\Program Files (x86)\Intel\Intel(R) Management Engine Components\DAL;C:\Program Files\Intel\Intel(R) Management Engine Components\DAL;C:\Program Files\TortoiseGit\bin;C:\Program Files\Microsoft SQL Server\Client SDK\ODBC\170\Tools\Binn\;;C:\Program Files\Microsoft VS Code\bin;C:\Program Files (x86)\Yarn\bin\;C:\Program Files\PuTTY\;C:\Program Files (x86)\Chocolatey GUI\lib\maven\apache-maven-3.6.3\bin;;C:\Program Files\Docker\Docker\resources\bin;C:\ProgramData\DockerDesktop\version-bin;D:\bin\Ruby26-x64\bin;D:\bin\scripts;d:\bin\scripts\env-scripts;D:\bin\UnxUtils\usr\local\wbin;D:\bin\putty;D:\java\jdk1.8.0_192\bin;D:\java\groovy-2.3.9\bin;D:\java\grails-2.5.6\bin;D:\java\apache-maven-3.6.3\bin;%MVN_HOME%\bin;D:\bin\Git\bin;D:\bin\scripts;D:\bin\MySQL-Server-5.6\bin;D:\bin\chocolatey\bin;D:\bin\nvm;D:\bin\nvm\v10.14.1;D:\java\circleci;C:\Program Files (x86)\GitHub CLI\;C:\Users\shchitlyak\AppData\Local\Yarn\bin;;.
	java.net.preferIPv4Stack = true
	java.runtime.name = Java(TM) SE Runtime Environment
	java.runtime.version = 1.8.0_192-b12
	java.specification.name = Java Platform API Specification
	java.specification.vendor = Oracle Corporation
	java.specification.version = 1.8
	java.util.logging.manager = org.jboss.logmanager.LogManager
	java.vendor = Oracle Corporation
	java.vendor.url = http://java.oracle.com/
	java.vendor.url.bug = http://bugreport.sun.com/bugreport/
	java.version = 1.8.0_192
	java.vm.info = mixed mode
	java.vm.name = Java HotSpot(TM) 64-Bit Server VM
	java.vm.specification.name = Java Virtual Machine Specification
	java.vm.specification.vendor = Oracle Corporation
	java.vm.specification.version = 1.8
	java.vm.vendor = Oracle Corporation
	java.vm.version = 25.192-b12
	javax.management.builder.initial = org.jboss.as.jmx.PluggableMBeanServerBuilder
	jboss.home.dir = C:\Users\shchitlyak\Downloads\keycloak-10.0.2\keycloak-10.0.2
	jboss.host.name = shchitlyak
	jboss.modules.dir = C:\Users\shchitlyak\Downloads\keycloak-10.0.2\keycloak-10.0.2\modules
	jboss.modules.system.pkgs = org.jboss.byteman
	jboss.node.name = shchitlyak
	jboss.qualified.host.name = shchitlyak
	jboss.server.base.dir = C:\Users\shchitlyak\Downloads\keycloak-10.0.2\keycloak-10.0.2\standalone
	jboss.server.config.dir = C:\Users\shchitlyak\Downloads\keycloak-10.0.2\keycloak-10.0.2\standalone\configuration
	jboss.server.data.dir = C:\Users\shchitlyak\Downloads\keycloak-10.0.2\keycloak-10.0.2\standalone\data
	jboss.server.deploy.dir = C:\Users\shchitlyak\Downloads\keycloak-10.0.2\keycloak-10.0.2\standalone\data\content
	jboss.server.log.dir = C:\Users\shchitlyak\Downloads\keycloak-10.0.2\keycloak-10.0.2\standalone\log
	jboss.server.name = shchitlyak
	jboss.server.persist.config = true
	jboss.server.temp.dir = C:\Users\shchitlyak\Downloads\keycloak-10.0.2\keycloak-10.0.2\standalone\tmp
	line.separator = 

	logging.configuration = file:C:\Users\shchitlyak\Downloads\keycloak-10.0.2\keycloak-10.0.2\standalone\configuration/logging.properties
	module.path = C:\Users\shchitlyak\Downloads\keycloak-10.0.2\keycloak-10.0.2\modules
	org.jboss.boot.log.file = C:\Users\shchitlyak\Downloads\keycloak-10.0.2\keycloak-10.0.2\standalone\log\server.log
	org.jboss.resolver.warning = true
	os.arch = amd64
	os.name = Windows 10
	os.version = 10.0
	path.separator = ;
	program.name = standalone.bat
	sun.arch.data.model = 64
	sun.boot.class.path = D:\java\jdk1.8.0_192\jre\lib\resources.jar;D:\java\jdk1.8.0_192\jre\lib\rt.jar;D:\java\jdk1.8.0_192\jre\lib\sunrsasign.jar;D:\java\jdk1.8.0_192\jre\lib\jsse.jar;D:\java\jdk1.8.0_192\jre\lib\jce.jar;D:\java\jdk1.8.0_192\jre\lib\charsets.jar;D:\java\jdk1.8.0_192\jre\lib\jfr.jar;D:\java\jdk1.8.0_192\jre\classes
	sun.boot.library.path = D:\java\jdk1.8.0_192\jre\bin
	sun.cpu.endian = little
	sun.cpu.isalist = amd64
	sun.desktop = windows
	sun.io.unicode.encoding = UnicodeLittle
	sun.java.command = C:\Users\shchitlyak\Downloads\keycloak-10.0.2\keycloak-10.0.2\jboss-modules.jar -mp C:\Users\shchitlyak\Downloads\keycloak-10.0.2\keycloak-10.0.2\modules org.jboss.as.standalone -Djboss.home.dir=C:\Users\shchitlyak\Downloads\keycloak-10.0.2\keycloak-10.0.2
	sun.java.launcher = SUN_STANDARD
	sun.jnu.encoding = Cp1252
	sun.management.compiler = HotSpot 64-Bit Tiered Compilers
	sun.os.patch.level = 
	sun.stderr.encoding = cp65001
	sun.stdout.encoding = cp65001
	user.country = US
	user.dir = C:\Users\shchitlyak\Downloads\keycloak-10.0.2\keycloak-10.0.2\bin
	user.home = C:\Users\shchitlyak
	user.language = en
	user.name = shchitlyak
	user.script = 
	user.timezone = Europe/Moscow
	user.variant = 
2020-06-19 11:58:37,179 DEBUG [org.jboss.as.config] (MSC service thread 1-2) VM Arguments: -Dprogram.name=standalone.bat -Xms64M -Xmx512M -XX:MetaspaceSize=96M -XX:MaxMetaspaceSize=256m -Djava.net.preferIPv4Stack=true -Djboss.modules.system.pkgs=org.jboss.byteman -Dorg.jboss.boot.log.file=C:\Users\shchitlyak\Downloads\keycloak-10.0.2\keycloak-10.0.2\standalone\log\server.log -Dlogging.configuration=file:C:\Users\shchitlyak\Downloads\keycloak-10.0.2\keycloak-10.0.2\standalone\configuration/logging.properties 
2020-06-19 11:58:38,173 INFO  [org.wildfly.security] (ServerService Thread Pool -- 20) ELY00001: WildFly Elytron version 1.11.4.Final
2020-06-19 11:58:38,721 INFO  [org.jboss.as.controller.management-deprecated] (Controller Boot Thread) WFLYCTL0028: Attribute 'security-realm' in the resource at address '/core-service=management/management-interface=http-interface' is deprecated, and may be removed in a future version. See the attribute description in the output of the read-resource-description operation to learn more about the deprecation.
2020-06-19 11:58:38,752 INFO  [org.jboss.as.controller.management-deprecated] (ServerService Thread Pool -- 13) WFLYCTL0028: Attribute 'security-realm' in the resource at address '/subsystem=undertow/server=default-server/https-listener=https' is deprecated, and may be removed in a future version. See the attribute description in the output of the read-resource-description operation to learn more about the deprecation.
2020-06-19 11:58:38,847 INFO  [org.jboss.as.server] (Controller Boot Thread) WFLYSRV0039: Creating http management service using socket-binding (management-http)
2020-06-19 11:58:38,872 INFO  [org.xnio] (MSC service thread 1-4) XNIO version 3.7.7.Final
2020-06-19 11:58:38,888 INFO  [org.xnio.nio] (MSC service thread 1-4) XNIO NIO Implementation Version 3.7.7.Final
2020-06-19 11:58:39,035 WARN  [org.wildfly.clustering.web.undertow] (ServerService Thread Pool -- 54) WFLYCLWEBUT0007: No routing provider found for default-server; using legacy provider based on static configuration
2020-06-19 11:58:38,926 INFO  [org.wildfly.extension.microprofile.config.smallrye._private] (ServerService Thread Pool -- 51) WFLYCONF0001: Activating WildFly MicroProfile Config Subsystem
2020-06-19 11:58:39,020 INFO  [org.jboss.as.connector.subsystems.datasources] (ServerService Thread Pool -- 32) WFLYJCA0004: Deploying JDBC-compliant driver class org.h2.Driver (version 1.4)
2020-06-19 11:58:38,997 INFO  [org.wildfly.extension.undertow] (MSC service thread 1-2) WFLYUT0003: Undertow 2.1.0.Final starting
2020-06-19 11:58:38,993 INFO  [org.jboss.as.connector] (MSC service thread 1-1) WFLYJCA0009: Starting JCA Subsystem (WildFly/IronJacamar 1.4.20.Final)
2020-06-19 11:58:38,979 INFO  [org.wildfly.extension.io] (ServerService Thread Pool -- 36) WFLYIO001: Worker 'default' has auto-configured to 8 IO threads with 64 max task threads based on your 4 available processors
2020-06-19 11:58:38,970 INFO  [org.wildfly.extension.microprofile.health.smallrye] (ServerService Thread Pool -- 52) WFLYHEALTH0001: Activating Eclipse MicroProfile Health Subsystem
2020-06-19 11:58:38,961 INFO  [org.wildfly.extension.microprofile.metrics.smallrye] (ServerService Thread Pool -- 53) WFLYMETRICS0001: Activating Eclipse MicroProfile Metrics Subsystem
2020-06-19 11:58:39,349 INFO  [org.wildfly.extension.undertow] (ServerService Thread Pool -- 54) WFLYUT0014: Creating file handler for path 'C:\Users\shchitlyak\Downloads\keycloak-10.0.2\keycloak-10.0.2/welcome-content' with options [directory-listing: 'false', follow-symlink: 'false', case-sensitive: 'true', safe-symlink-paths: '[]']
2020-06-19 11:58:38,960 INFO  [org.jboss.as.jaxrs] (ServerService Thread Pool -- 38) WFLYRS0016: RESTEasy version 3.11.2.Final
2020-06-19 11:58:38,949 INFO  [org.jboss.as.security] (ServerService Thread Pool -- 48) WFLYSEC0002: Activating Security Subsystem
2020-06-19 11:58:38,961 INFO  [org.jboss.as.clustering.infinispan] (ServerService Thread Pool -- 37) WFLYCLINF0001: Activating Infinispan subsystem.
2020-06-19 11:58:38,935 INFO  [org.jboss.as.naming] (ServerService Thread Pool -- 43) WFLYNAM0001: Activating Naming Subsystem
2020-06-19 11:58:39,421 INFO  [org.jboss.as.security] (MSC service thread 1-6) WFLYSEC0001: Current PicketBox version=5.0.3.Final
2020-06-19 11:58:39,374 INFO  [org.jboss.as.ejb3] (MSC service thread 1-5) WFLYEJB0481: Strict pool slsb-strict-max-pool is using a max instance size of 64 (per class), which is derived from thread worker pool sizing.
2020-06-19 11:58:39,374 INFO  [org.jboss.as.ejb3] (MSC service thread 1-4) WFLYEJB0482: Strict pool mdb-strict-max-pool is using a max instance size of 16 (per class), which is derived from the number of CPUs on this host.
2020-06-19 11:58:39,271 INFO  [org.jboss.as.connector.deployers.jdbc] (MSC service thread 1-1) WFLYJCA0018: Started Driver service with driver-name = h2
2020-06-19 11:58:38,930 WARN  [org.jboss.as.txn] (ServerService Thread Pool -- 49) WFLYTX0013: The node-identifier attribute on the /subsystem=transactions is set to the default value. This is a danger for environments running multiple servers. Please make sure the attribute value is unique.
2020-06-19 11:58:39,453 INFO  [org.jboss.as.mail.extension] (MSC service thread 1-6) WFLYMAIL0001: Bound mail session [java:jboss/mail/Default]
2020-06-19 11:58:39,447 INFO  [org.wildfly.extension.undertow] (MSC service thread 1-5) WFLYUT0012: Started server default-server.
2020-06-19 11:58:39,259 INFO  [org.jboss.remoting] (MSC service thread 1-7) JBoss Remoting version 5.0.17.Final
2020-06-19 11:58:39,509 INFO  [org.wildfly.extension.undertow] (MSC service thread 1-5) WFLYUT0018: Host default-host starting
2020-06-19 11:58:39,445 INFO  [org.jboss.as.naming] (MSC service thread 1-4) WFLYNAM0003: Starting Naming Service
2020-06-19 11:58:39,656 INFO  [org.jboss.as.patching] (MSC service thread 1-6) WFLYPAT0050: Keycloak cumulative patch ID is: base, one-off patches include: none
2020-06-19 11:58:39,666 WARN  [org.jboss.as.domain.management.security] (MSC service thread 1-2) WFLYDM0111: Keystore C:\Users\shchitlyak\Downloads\keycloak-10.0.2\keycloak-10.0.2\standalone\configuration\application.keystore not found, it will be auto generated on first use with a self signed certificate for host localhost
2020-06-19 11:58:39,680 INFO  [org.jboss.as.server.deployment.scanner] (MSC service thread 1-2) WFLYDS0013: Started FileSystemDeploymentService for directory C:\Users\shchitlyak\Downloads\keycloak-10.0.2\keycloak-10.0.2\standalone\deployments
2020-06-19 11:58:39,691 INFO  [org.jboss.as.server.deployment] (MSC service thread 1-6) WFLYSRV0027: Starting deployment of "keycloak-server.war" (runtime-name: "keycloak-server.war")
2020-06-19 11:58:39,885 INFO  [org.wildfly.extension.undertow] (MSC service thread 1-2) WFLYUT0006: Undertow HTTP listener default listening on 127.0.0.1:8080
2020-06-19 11:58:39,927 INFO  [org.jboss.as.ejb3] (MSC service thread 1-3) WFLYEJB0493: EJB subsystem suspension complete
2020-06-19 11:58:40,001 INFO  [org.jboss.as.connector.subsystems.datasources] (MSC service thread 1-3) WFLYJCA0001: Bound data source [java:jboss/datasources/KeycloakDS]
2020-06-19 11:58:40,002 INFO  [org.jboss.as.connector.subsystems.datasources] (MSC service thread 1-6) WFLYJCA0001: Bound data source [java:jboss/datasources/ExampleDS]
2020-06-19 11:58:40,206 INFO  [org.wildfly.extension.undertow] (MSC service thread 1-3) WFLYUT0006: Undertow HTTPS listener https listening on 127.0.0.1:8443
2020-06-19 11:58:40,367 INFO  [org.infinispan.factories.GlobalComponentRegistry] (MSC service thread 1-3) ISPN000128: Infinispan version: Infinispan 'Infinity Minus ONE +2' 9.4.18.Final
2020-06-19 11:58:40,691 INFO  [org.jboss.as.clustering.infinispan] (ServerService Thread Pool -- 57) WFLYCLINF0002: Started actionTokens cache from keycloak container
2020-06-19 11:58:40,692 INFO  [org.jboss.as.clustering.infinispan] (ServerService Thread Pool -- 66) WFLYCLINF0002: Started clientSessions cache from keycloak container
2020-06-19 11:58:40,694 INFO  [org.jboss.as.clustering.infinispan] (ServerService Thread Pool -- 60) WFLYCLINF0002: Started users cache from keycloak container
2020-06-19 11:58:40,694 INFO  [org.jboss.as.clustering.infinispan] (ServerService Thread Pool -- 65) WFLYCLINF0002: Started authenticationSessions cache from keycloak container
2020-06-19 11:58:40,695 INFO  [org.jboss.as.clustering.infinispan] (ServerService Thread Pool -- 56) WFLYCLINF0002: Started keys cache from keycloak container
2020-06-19 11:58:40,695 INFO  [org.jboss.as.clustering.infinispan] (ServerService Thread Pool -- 67) WFLYCLINF0002: Started loginFailures cache from keycloak container
2020-06-19 11:58:40,695 INFO  [org.jboss.as.clustering.infinispan] (ServerService Thread Pool -- 58) WFLYCLINF0002: Started realms cache from keycloak container
2020-06-19 11:58:40,695 INFO  [org.jboss.as.clustering.infinispan] (ServerService Thread Pool -- 63) WFLYCLINF0002: Started authorization cache from keycloak container
2020-06-19 11:58:40,695 INFO  [org.jboss.as.clustering.infinispan] (ServerService Thread Pool -- 59) WFLYCLINF0002: Started offlineClientSessions cache from keycloak container
2020-06-19 11:58:40,696 INFO  [org.jboss.as.clustering.infinispan] (ServerService Thread Pool -- 64) WFLYCLINF0002: Started work cache from keycloak container
2020-06-19 11:58:40,697 INFO  [org.jboss.as.clustering.infinispan] (ServerService Thread Pool -- 61) WFLYCLINF0002: Started sessions cache from keycloak container
2020-06-19 11:58:40,697 INFO  [org.jboss.as.clustering.infinispan] (ServerService Thread Pool -- 62) WFLYCLINF0002: Started offlineSessions cache from keycloak container
2020-06-19 11:58:40,742 INFO  [org.jboss.as.clustering.infinispan] (ServerService Thread Pool -- 68) WFLYCLINF0002: Started client-mappings cache from ejb container
2020-06-19 11:58:40,846 WARN  [org.jboss.as.server.deployment] (MSC service thread 1-5) WFLYSRV0273: Excluded subsystem webservices via jboss-deployment-structure.xml does not exist.
2020-06-19 11:58:41,510 INFO  [org.keycloak.services] (ServerService Thread Pool -- 65) KC-SERVICES0001: Loading config from standalone.xml or domain.xml
2020-06-19 11:58:41,974 INFO  [org.keycloak.url.DefaultHostnameProviderFactory] (ServerService Thread Pool -- 65) Frontend: <request>, Admin: <frontend>, Backend: <request>
2020-06-19 11:58:42,066 INFO  [org.jboss.as.clustering.infinispan] (ServerService Thread Pool -- 65) WFLYCLINF0002: Started realmRevisions cache from keycloak container
2020-06-19 11:58:42,071 INFO  [org.jboss.as.clustering.infinispan] (ServerService Thread Pool -- 65) WFLYCLINF0002: Started userRevisions cache from keycloak container
2020-06-19 11:58:42,081 INFO  [org.jboss.as.clustering.infinispan] (ServerService Thread Pool -- 65) WFLYCLINF0002: Started authorizationRevisions cache from keycloak container
2020-06-19 11:58:42,083 INFO  [org.keycloak.connections.infinispan.DefaultInfinispanConnectionProviderFactory] (ServerService Thread Pool -- 65) Node name: shchitlyak, Site name: null
2020-06-19 11:58:44,893 INFO  [org.keycloak.connections.jpa.updater.liquibase.LiquibaseJpaUpdaterProvider] (ServerService Thread Pool -- 65) Initializing database schema. Using changelog META-INF/jpa-changelog-master.xml
2020-06-19 11:58:46,321 INFO  [org.hibernate.jpa.internal.util.LogHelper] (ServerService Thread Pool -- 65) HHH000204: Processing PersistenceUnitInfo [
	name: keycloak-default
	...]
2020-06-19 11:58:46,402 INFO  [org.hibernate.Version] (ServerService Thread Pool -- 65) HHH000412: Hibernate Core {5.3.15.Final}
2020-06-19 11:58:46,405 INFO  [org.hibernate.cfg.Environment] (ServerService Thread Pool -- 65) HHH000206: hibernate.properties not found
2020-06-19 11:58:46,590 INFO  [org.hibernate.annotations.common.Version] (ServerService Thread Pool -- 65) HCANN000001: Hibernate Commons Annotations {5.0.5.Final}
2020-06-19 11:58:46,782 INFO  [org.hibernate.dialect.Dialect] (ServerService Thread Pool -- 65) HHH000400: Using dialect: org.hibernate.dialect.H2Dialect
2020-06-19 11:58:46,792 WARN  [org.hibernate.dialect.H2Dialect] (ServerService Thread Pool -- 65) HHH000431: Unable to determine H2 database version, certain features may not work
2020-06-19 11:58:46,834 INFO  [org.hibernate.envers.boot.internal.EnversServiceImpl] (ServerService Thread Pool -- 65) Envers integration enabled? : true
2020-06-19 11:58:47,317 INFO  [org.hibernate.orm.beans] (ServerService Thread Pool -- 65) HHH10005002: No explicit CDI BeanManager reference was passed to Hibernate, but CDI is available on the Hibernate ClassLoader.
2020-06-19 11:58:47,373 INFO  [org.hibernate.validator.internal.util.Version] (ServerService Thread Pool -- 65) HV000001: Hibernate Validator 6.0.18.Final
2020-06-19 11:58:48,368 INFO  [org.hibernate.hql.internal.QueryTranslatorFactoryInitiator] (ServerService Thread Pool -- 65) HHH000397: Using ASTQueryTranslatorFactory
2020-06-19 11:58:48,802 INFO  [org.keycloak.services] (ServerService Thread Pool -- 65) KC-SERVICES0050: Initializing master realm
2020-06-19 11:58:49,941 INFO  [org.jboss.resteasy.resteasy_jaxrs.i18n] (ServerService Thread Pool -- 65) RESTEASY002225: Deploying javax.ws.rs.core.Application: class org.keycloak.services.resources.KeycloakApplication
2020-06-19 11:58:49,944 INFO  [org.jboss.resteasy.resteasy_jaxrs.i18n] (ServerService Thread Pool -- 65) RESTEASY002200: Adding class resource org.keycloak.services.resources.JsResource from Application class org.keycloak.services.resources.KeycloakApplication
2020-06-19 11:58:49,944 INFO  [org.jboss.resteasy.resteasy_jaxrs.i18n] (ServerService Thread Pool -- 65) RESTEASY002205: Adding provider class org.keycloak.services.filters.KeycloakSecurityHeadersFilter from Application class org.keycloak.services.resources.KeycloakApplication
2020-06-19 11:58:49,945 INFO  [org.jboss.resteasy.resteasy_jaxrs.i18n] (ServerService Thread Pool -- 65) RESTEASY002200: Adding class resource org.keycloak.services.resources.ThemeResource from Application class org.keycloak.services.resources.KeycloakApplication
2020-06-19 11:58:49,945 INFO  [org.jboss.resteasy.resteasy_jaxrs.i18n] (ServerService Thread Pool -- 65) RESTEASY002205: Adding provider class org.keycloak.services.filters.KeycloakTransactionCommitter from Application class org.keycloak.services.resources.KeycloakApplication
2020-06-19 11:58:49,946 INFO  [org.jboss.resteasy.resteasy_jaxrs.i18n] (ServerService Thread Pool -- 65) RESTEASY002205: Adding provider class org.keycloak.services.error.KeycloakErrorHandler from Application class org.keycloak.services.resources.KeycloakApplication
2020-06-19 11:58:49,946 INFO  [org.jboss.resteasy.resteasy_jaxrs.i18n] (ServerService Thread Pool -- 65) RESTEASY002220: Adding singleton resource org.keycloak.services.resources.admin.AdminRoot from Application class org.keycloak.services.resources.KeycloakApplication
2020-06-19 11:58:49,947 INFO  [org.jboss.resteasy.resteasy_jaxrs.i18n] (ServerService Thread Pool -- 65) RESTEASY002220: Adding singleton resource org.keycloak.services.resources.RealmsResource from Application class org.keycloak.services.resources.KeycloakApplication
2020-06-19 11:58:49,948 INFO  [org.jboss.resteasy.resteasy_jaxrs.i18n] (ServerService Thread Pool -- 65) RESTEASY002220: Adding singleton resource org.keycloak.services.resources.WelcomeResource from Application class org.keycloak.services.resources.KeycloakApplication
2020-06-19 11:58:49,948 INFO  [org.jboss.resteasy.resteasy_jaxrs.i18n] (ServerService Thread Pool -- 65) RESTEASY002220: Adding singleton resource org.keycloak.services.resources.RobotsResource from Application class org.keycloak.services.resources.KeycloakApplication
2020-06-19 11:58:49,949 INFO  [org.jboss.resteasy.resteasy_jaxrs.i18n] (ServerService Thread Pool -- 65) RESTEASY002210: Adding provider singleton org.keycloak.services.util.ObjectMapperResolver from Application class org.keycloak.services.resources.KeycloakApplication
2020-06-19 11:58:50,035 INFO  [org.wildfly.extension.undertow] (ServerService Thread Pool -- 65) WFLYUT0021: Registered web context: '/auth' for server 'default-server'
2020-06-19 11:58:50,121 INFO  [org.jboss.as.server] (ServerService Thread Pool -- 55) WFLYSRV0010: Deployed "keycloak-server.war" (runtime-name : "keycloak-server.war")
2020-06-19 11:58:50,162 INFO  [org.jboss.as.server] (Controller Boot Thread) WFLYSRV0212: Resuming server
2020-06-19 11:58:50,164 INFO  [org.jboss.as] (Controller Boot Thread) WFLYSRV0060: Http management interface listening on http://127.0.0.1:9990/management
2020-06-19 11:58:50,164 INFO  [org.jboss.as] (Controller Boot Thread) WFLYSRV0051: Admin console listening on http://127.0.0.1:9990
2020-06-19 11:58:50,165 INFO  [org.jboss.as] (Controller Boot Thread) WFLYSRV0025: Keycloak 10.0.2 (WildFly Core 11.1.1.Final) started in 14191ms - Started 591 of 889 services (606 services are lazy, passive or on-demand)
2020-06-19 11:59:07,083 INFO  [org.keycloak.services] (default task-3) KC-SERVICES0077: Created initial admin user with username admin
2020-06-19 12:59:36,952 WARN  [org.keycloak.events] (default task-4) type=REFRESH_TOKEN_ERROR, realmId=master, clientId=security-admin-console, userId=null, ipAddress=127.0.0.1, error=invalid_token, grant_type=refresh_token, client_auth_method=client-secret
2020-06-19 14:34:21,061 INFO  [org.jboss.as.server] (Thread-2) WFLYSRV0272: Suspending server
2020-06-19 14:34:21,107 INFO  [org.jboss.as.ejb3] (Thread-2) WFLYEJB0493: EJB subsystem suspension complete
2020-06-19 14:34:21,114 INFO  [org.jboss.as.server] (Thread-2) WFLYSRV0220: Server shutdown has been requested via an OS signal
2020-06-19 14:34:21,209 INFO  [org.jboss.as.mail.extension] (MSC service thread 1-6) WFLYMAIL0002: Unbound mail session [java:jboss/mail/Default]
2020-06-19 14:34:21,211 INFO  [org.jboss.as.connector.subsystems.datasources] (MSC service thread 1-7) WFLYJCA0010: Unbound data source [java:jboss/datasources/KeycloakDS]
2020-06-19 14:34:21,224 INFO  [org.wildfly.extension.undertow] (MSC service thread 1-7) WFLYUT0008: Undertow HTTPS listener https suspending
2020-06-19 14:34:21,225 INFO  [org.wildfly.extension.undertow] (ServerService Thread Pool -- 14) WFLYUT0022: Unregistered web context: '/auth' from server 'default-server'
2020-06-19 14:34:21,234 INFO  [org.wildfly.extension.undertow] (MSC service thread 1-7) WFLYUT0007: Undertow HTTPS listener https stopped, was bound to 127.0.0.1:8443
2020-06-19 14:34:21,304 INFO  [org.jboss.as.connector.subsystems.datasources] (MSC service thread 1-7) WFLYJCA0010: Unbound data source [java:jboss/datasources/ExampleDS]
2020-06-19 14:34:21,307 INFO  [org.jboss.as.connector.deployers.jdbc] (MSC service thread 1-7) WFLYJCA0019: Stopped Driver service with driver-name = h2
2020-06-19 14:34:21,316 INFO  [org.wildfly.extension.undertow] (MSC service thread 1-7) WFLYUT0019: Host default-host stopping
2020-06-19 14:34:21,351 INFO  [org.jboss.as.clustering.infinispan] (ServerService Thread Pool -- 72) WFLYCLINF0003: Stopped offlineSessions cache from keycloak container
2020-06-19 14:34:21,357 INFO  [org.jboss.as.server.deployment] (MSC service thread 1-6) WFLYSRV0028: Stopped deployment keycloak-server.war (runtime-name: keycloak-server.war) in 221ms
2020-06-19 14:34:21,359 INFO  [org.jboss.as.clustering.infinispan] (ServerService Thread Pool -- 14) WFLYCLINF0003: Stopped offlineClientSessions cache from keycloak container
2020-06-19 14:34:21,360 INFO  [org.jboss.as.clustering.infinispan] (ServerService Thread Pool -- 79) WFLYCLINF0003: Stopped sessions cache from keycloak container
2020-06-19 14:34:21,363 INFO  [org.jboss.as.clustering.infinispan] (ServerService Thread Pool -- 75) WFLYCLINF0003: Stopped actionTokens cache from keycloak container
2020-06-19 14:34:21,365 INFO  [org.wildfly.extension.undertow] (MSC service thread 1-5) WFLYUT0008: Undertow HTTP listener default suspending
2020-06-19 14:34:21,367 INFO  [org.jboss.as.clustering.infinispan] (ServerService Thread Pool -- 77) WFLYCLINF0003: Stopped clientSessions cache from keycloak container
2020-06-19 14:34:21,367 INFO  [org.jboss.as.clustering.infinispan] (ServerService Thread Pool -- 80) WFLYCLINF0003: Stopped loginFailures cache from keycloak container
2020-06-19 14:34:21,368 INFO  [org.jboss.as.clustering.infinispan] (ServerService Thread Pool -- 82) WFLYCLINF0003: Stopped work cache from keycloak container
2020-06-19 14:34:21,369 INFO  [org.jboss.as.clustering.infinispan] (ServerService Thread Pool -- 78) WFLYCLINF0003: Stopped keys cache from keycloak container
2020-06-19 14:34:21,369 INFO  [org.jboss.as.clustering.infinispan] (ServerService Thread Pool -- 76) WFLYCLINF0003: Stopped authenticationSessions cache from keycloak container
2020-06-19 14:34:21,378 INFO  [org.jboss.as.clustering.infinispan] (ServerService Thread Pool -- 72) WFLYCLINF0003: Stopped client-mappings cache from ejb container
2020-06-19 14:34:21,378 INFO  [org.wildfly.extension.undertow] (MSC service thread 1-5) WFLYUT0007: Undertow HTTP listener default stopped, was bound to 127.0.0.1:8080
2020-06-19 14:34:21,382 INFO  [org.wildfly.extension.undertow] (MSC service thread 1-3) WFLYUT0004: Undertow 2.1.0.Final stopping
2020-06-19 14:34:21,387 INFO  [org.jboss.as.clustering.infinispan] (ServerService Thread Pool -- 81) WFLYCLINF0003: Stopped users cache from keycloak container
2020-06-19 14:34:21,390 INFO  [org.jboss.as.clustering.infinispan] (ServerService Thread Pool -- 74) WFLYCLINF0003: Stopped authorization cache from keycloak container
2020-06-19 14:34:21,395 INFO  [org.jboss.as.clustering.infinispan] (ServerService Thread Pool -- 71) WFLYCLINF0003: Stopped realms cache from keycloak container
2020-06-19 14:34:21,428 INFO  [org.jboss.as] (MSC service thread 1-2) WFLYSRV0050: Keycloak 10.0.2 (WildFly Core 11.1.1.Final) stopped in 292ms
